<?xml version="1.0" encoding="UTF-8"?>
<!-- Generated by org.testng.reporters.JUnitReportReporter -->
<testsuite hostname="SYS250-PC" name="Com.E2M.CMS_Event2MobileTest.Verify_formFillup_Bulkupload_FormatTest" tests="1" failures="0" timestamp="18 Feb 2020 06:44:53 GMT" time="37.110" errors="0">
  <testcase name="CMS_E2MTest_VerifyFilledBulkupload_Format_TC09" time="37.110" classname="Com.E2M.CMS_Event2MobileTest.Verify_formFillup_Bulkupload_FormatTest"/>
</testsuite> <!-- Com.E2M.CMS_Event2MobileTest.Verify_formFillup_Bulkupload_FormatTest -->
