<?xml version="1.0" encoding="UTF-8"?>
<!-- Generated by org.testng.reporters.JUnitReportReporter -->
<testsuite hostname="SYS250-PC" name="Com.E2M.CMS_Event2MobileTest.E2E_AboutEvent" tests="1" failures="0" timestamp="10 Mar 2020 07:52:30 GMT" time="148.040" errors="0">
  <testcase name="CMS_E2MTest_disclaimer_TC014" time="148.040" classname="Com.E2M.CMS_Event2MobileTest.E2E_AboutEvent"/>
</testsuite> <!-- Com.E2M.CMS_Event2MobileTest.E2E_AboutEvent -->
