<?xml version="1.0" encoding="UTF-8"?>
<!-- Generated by org.testng.reporters.JUnitReportReporter -->
<testsuite hostname="SYS250-PC" name="Com.E2M.CMS_Event2MobileTest.AppBranding" tests="1" failures="0" timestamp="10 Mar 2020 07:52:30 GMT" time="217.721" errors="0">
  <testcase name="CMS_E2MTest_Theme_Splash_Background_Banner_1TC014" time="217.721" classname="Com.E2M.CMS_Event2MobileTest.AppBranding"/>
</testsuite> <!-- Com.E2M.CMS_Event2MobileTest.AppBranding -->
