<?xml version="1.0" encoding="UTF-8"?>
<!-- Generated by org.testng.reporters.JUnitReportReporter -->
<testsuite hostname="SYS250-PC" name="Com.E2M.CMS_Event2MobileTest.Add_VenueTest" tests="1" failures="0" timestamp="19 Feb 2020 15:42:05 GMT" time="39.239" errors="0">
  <testcase name="CMS_E2MTest_AddVenue_TC014" time="39.239" classname="Com.E2M.CMS_Event2MobileTest.Add_VenueTest"/>
</testsuite> <!-- Com.E2M.CMS_Event2MobileTest.Add_VenueTest -->
