<?xml version="1.0" encoding="UTF-8"?>
<!-- Generated by org.testng.reporters.JUnitReportReporter -->
<testsuite hostname="SYS250-PC" name="Com.E2M.CMS_Event2MobileTest.UsefulInfo" tests="1" failures="0" timestamp="28 Feb 2020 10:28:17 GMT" time="54.842" errors="0">
  <testcase name="CMS_E2MTest_UsefulInfo_TC014" time="54.842" classname="Com.E2M.CMS_Event2MobileTest.UsefulInfo"/>
</testsuite> <!-- Com.E2M.CMS_Event2MobileTest.UsefulInfo -->
