<?xml version="1.0" encoding="UTF-8"?>
<!-- Generated by org.testng.reporters.JUnitReportReporter -->
<testsuite hostname="SYS250-PC" name="Com.E2M.CMS_Event2MobileTest.AppMenu" tests="1" failures="0" timestamp="10 Mar 2020 09:33:36 GMT" time="27.695" errors="0">
  <testcase name="CMS_E2MTest_Theme_Splash_Background_Banner_1TC014" time="27.695" classname="Com.E2M.CMS_Event2MobileTest.AppMenu"/>
</testsuite> <!-- Com.E2M.CMS_Event2MobileTest.AppMenu -->
