<?xml version="1.0" encoding="UTF-8"?>
<!-- Generated by org.testng.reporters.JUnitReportReporter -->
<testsuite hostname="SYS250-PC" name="Com.E2M.CMS_Event2MobileTest.AddResourses" tests="1" failures="0" timestamp="12 Mar 2020 07:12:29 GMT" time="55.738" errors="0">
  <testcase name="CMS_E2MTest_Add_Resourse" time="55.738" classname="Com.E2M.CMS_Event2MobileTest.AddResourses"/>
</testsuite> <!-- Com.E2M.CMS_Event2MobileTest.AddResourses -->
