<?xml version="1.0" encoding="UTF-8"?>
<!-- Generated by org.testng.reporters.JUnitReportReporter -->
<testsuite hostname="SYS250-PC" name="Com.E2M.CMS_Event2MobileTest.E2E_AboutEvent" tests="1" failures="0" timestamp="5 Mar 2020 07:12:38 GMT" time="138.321" errors="0">
  <testcase name="CMS_E2MTest_disclaimer_TC014" time="138.321" classname="Com.E2M.CMS_Event2MobileTest.E2E_AboutEvent"/>
</testsuite> <!-- Com.E2M.CMS_Event2MobileTest.E2E_AboutEvent -->
