<?xml version="1.0" encoding="UTF-8"?>
<!-- Generated by org.testng.reporters.JUnitReportReporter -->
<testsuite hostname="SYS250-PC" name="Com.E2M.CMS_Event2MobileTest.BulkUploadAllEvent" tests="1" failures="0" timestamp="19 Feb 2020 12:07:14 GMT" time="120.836" errors="0">
  <testcase name="CMS_E2MTest_AddVenue_TC014" time="120.836" classname="Com.E2M.CMS_Event2MobileTest.BulkUploadAllEvent"/>
</testsuite> <!-- Com.E2M.CMS_Event2MobileTest.BulkUploadAllEvent -->
