<?xml version="1.0" encoding="UTF-8"?>
<!-- Generated by org.testng.reporters.JUnitReportReporter -->
<testsuite hostname="SYS250-PC" name="Com.E2M.CMS_Event2MobileTest.Findjavascripterror" tests="1" failures="0" timestamp="7 Feb 2020 11:18:56 GMT" time="24.171" errors="0">
  <testcase name="testmethod" time="24.171" classname="Com.E2M.CMS_Event2MobileTest.Findjavascripterror"/>
</testsuite> <!-- Com.E2M.CMS_Event2MobileTest.Findjavascripterror -->
