<?xml version="1.0" encoding="UTF-8"?>
<!-- Generated by org.testng.reporters.JUnitReportReporter -->
<testsuite hostname="SYS250-PC" name="Com.E2M.CMS_Event2MobileTest.SocialLink" tests="1" failures="0" timestamp="28 Feb 2020 10:28:17 GMT" time="41.832" errors="0">
  <testcase name="CMS_E2MTest_SocialLink_TC014" time="41.832" classname="Com.E2M.CMS_Event2MobileTest.SocialLink"/>
</testsuite> <!-- Com.E2M.CMS_Event2MobileTest.SocialLink -->
