<?xml version="1.0" encoding="UTF-8"?>
<!-- Generated by org.testng.reporters.JUnitReportReporter -->
<testsuite hostname="SYS250-PC" name="Com.E2M.CMS_Event2MobileTest.Add_Disclaimer" tests="1" failures="0" timestamp="28 Feb 2020 13:11:29 GMT" time="32.751" errors="0">
  <testcase name="CMS_E2MTest_disclaimer_TC014" time="32.751" classname="Com.E2M.CMS_Event2MobileTest.Add_Disclaimer"/>
</testsuite> <!-- Com.E2M.CMS_Event2MobileTest.Add_Disclaimer -->
