<?xml version="1.0" encoding="UTF-8"?>
<!-- Generated by org.testng.reporters.JUnitReportReporter -->
<testsuite hostname="SYS250-PC" name="Com.E2M.CMS_Event2MobileTest.PageValidation_Event_SetUpTest" tests="1" failures="0" timestamp="6 Feb 2020 15:07:40 GMT" time="19.522" errors="0">
  <testcase name="CMS_E2MTest_AboutEvent" time="19.522" classname="Com.E2M.CMS_Event2MobileTest.PageValidation_Event_SetUpTest"/>
</testsuite> <!-- Com.E2M.CMS_Event2MobileTest.PageValidation_Event_SetUpTest -->
