<?xml version="1.0" encoding="UTF-8"?>
<!-- Generated by org.testng.reporters.JUnitReportReporter -->
<testsuite hostname="SYS250-PC" name="Com.E2M.CMS_Event2MobileTest.Find_Error_pageTest" tests="1" failures="0" timestamp="31 Jan 2020 06:23:27 GMT" time="27.821" errors="0">
  <testcase name="CMS_E2MTest_Errorpage" time="27.821" classname="Com.E2M.CMS_Event2MobileTest.Find_Error_pageTest"/>
</testsuite> <!-- Com.E2M.CMS_Event2MobileTest.Find_Error_pageTest -->
